<?xml version="1.0" encoding="UTF-8"?>
<robot generator="Robot 4.1.2 (Python 3.10.0 on win32)" generated="20220109 23:19:58.254" rpa="false" schemaversion="2">
<suite id="s1" name="Roboproject" source="C:\Users\91876\PycharmProjects\TranschainWebapp\Tests\Transchain\Newrobotest\roboproject.robot">
<test id="s1-t1" name="opening browser test">
<kw name="open browser">
<arg>${url}</arg>
<arg>${browser}</arg>
<msg timestamp="20220109 23:19:58.678" level="FAIL">No keyword with name 'open browser' found.</msg>
<status status="FAIL" starttime="20220109 23:19:58.678" endtime="20220109 23:19:58.678"/>
</kw>
<kw name="close browser">
<status status="NOT RUN" starttime="20220109 23:19:58.680" endtime="20220109 23:19:58.680"/>
</kw>
<doc>this test perform basic functionality of opening a browser</doc>
<tag>functional</tag>
<status status="FAIL" starttime="20220109 23:19:58.675" endtime="20220109 23:19:58.680">No keyword with name 'open browser' found.</status>
</test>
<status status="FAIL" starttime="20220109 23:19:58.303" endtime="20220109 23:19:58.681"/>
</suite>
<statistics>
<total>
<stat pass="0" fail="1" skip="0">All Tests</stat>
</total>
<tag>
<stat pass="0" fail="1" skip="0">functional</stat>
</tag>
<suite>
<stat pass="0" fail="1" skip="0" id="s1" name="Roboproject">Roboproject</stat>
</suite>
</statistics>
<errors>
<msg timestamp="20220109 23:19:58.674" level="ERROR">Error in file 'C:\Users\91876\PycharmProjects\TranschainWebapp\Tests\Transchain\Newrobotest\roboproject.robot' on line 2: Importing library 'SeleniumLibrary' failed: ModuleNotFoundError: No module named 'SeleniumLibrary'
Traceback (most recent call last):
  None
PYTHONPATH:
  C:\Users\91876\AppData\Local\Programs\Python\Python310\Scripts\robot.exe
  C:\Users\91876\AppData\Local\Programs\Python\Python310\python310.zip
  C:\Users\91876\AppData\Local\Programs\Python\Python310\DLLs
  C:\Users\91876\AppData\Local\Programs\Python\Python310\lib
  C:\Users\91876\AppData\Local\Programs\Python\Python310
  C:\Users\91876\AppData\Local\Programs\Python\Python310\lib\site-packages</msg>
</errors>
</robot>
